#
# A fatal error has been detected by the Java Runtime Environment:
#
#  SIGSEGV (0xb) at pc=0x00000001288153bf, pid=3186, tid=0x000000000000df0b
#
# JRE version: Java(TM) SE Runtime Environment (8.0_131-b11) (build 1.8.0_131-b11)
# Java VM: Java HotSpot(TM) 64-Bit Server VM (25.131-b11 mixed mode bsd-amd64 compressed oops)
# Problematic frame:
# C  [libawt_lwawt.dylib+0x1c3bf]  OGLSD_SetScratchSurface+0x49
#
# Failed to write core dump. Core dumps have been disabled. To enable core dumping, try "ulimit -c unlimited" before starting Java again
#
# If you would like to submit a bug report, please visit:
#   http://bugreport.java.com/bugreport/crash.jsp
# The crash happened outside the Java Virtual Machine in native code.
# See problematic frame for where to report the bug.
#

---------------  T H R E A D  ---------------

Current thread (0x00007fd4b91a3800):  JavaThread "Java2D Queue Flusher" daemon [_thread_in_native, id=57099, stack(0x0000700009c41000,0x0000700009d41000)]

siginfo: si_signo: 11 (SIGSEGV), si_code: 1 (SEGV_MAPERR), si_addr: 0x0000000000000002

Registers:
RAX=0x0000000128835d0e, RBX=0x0000000000000002, RCX=0x0000000000000047, RDX=0x0000000128836258
RSP=0x0000700009d406e0, RBP=0x0000700009d40700, RSI=0x00007fd4b7db8060, RDI=0x00007fd4b91a39f8
R8 =0x00007fd4b7f37c40, R9 =0x0000000000068862, R10=0x00000001126479c8, R11=0x00000001108e4dcb
R12=0x0000000000000000, R13=0x0000000125b80a30, R14=0x00007fd4b91a39f8, R15=0x00007fd4b91a3800
RIP=0x00000001288153bf, EFLAGS=0x0000000000010202, ERR=0x0000000000000004
  TRAPNO=0x000000000000000e

Top of Stack: (sp=0x0000700009d406e0)
0x0000700009d406e0:   00007fd4b7db8060 0000000000000000
0x0000700009d406f0:   00007fd4b98e6c10 00007fd4b91a3800
0x0000700009d40700:   0000700009d40780 0000000128835d36
0x0000700009d40710:   00007fd4b91a3800 00000002b91a3800
0x0000700009d40720:   0000000000000000 00000001b90314aa
0x0000700009d40730:   0000000000000064 00007fd4b91a3800
0x0000700009d40740:   0000000000000bad 00007fd4b98e6c20
0x0000700009d40750:   00007fd4001a3800 00007fd4b91a39f8
0x0000700009d40760:   0000000125b80a30 0000000000000000
0x0000700009d40770:   0000700009d40830 00007fd4b91a3800
0x0000700009d40780:   0000700009d407f8 00000001126479f4
0x0000700009d40790:   000000012571bd40 0000000000000000
0x0000700009d407a0:   000000012571a298 0000000000000000
0x0000700009d407b0:   0000700009d407d0 0000700009d407b8
0x0000700009d407c0:   0000000000000000 0000700009d40830
0x0000700009d407d0:   0000000125b81ac8 0000000000000000
0x0000700009d407e0:   0000000125b80a30 0000000000000000
0x0000700009d407f0:   0000700009d40818 0000700009d40878
0x0000700009d40800:   00000001126382bd 0000000000000000
0x0000700009d40810:   0000000112641538 0000000000000020
0x0000700009d40820:   00007fd4b98e6c00 0000000740025820
0x0000700009d40830:   0000000740025808 0000700009d40838
0x0000700009d40840:   0000000125b80add 0000700009d40890
0x0000700009d40850:   0000000125b81ac8 0000000000000000
0x0000700009d40860:   0000000125b80b00 0000700009d40818
0x0000700009d40870:   0000700009d40890 0000700009d408d8
0x0000700009d40880:   00000001126382bd 0000000000000020
0x0000700009d40890:   0000000740025808 0000700009d40898
0x0000700009d408a0:   0000000125b80cb9 0000700009d408e8
0x0000700009d408b0:   0000000125b81ac8 0000000000000000
0x0000700009d408c0:   0000000125b80cc8 0000700009d40890
0x0000700009d408d0:   0000700009d408e8 0000700009d40940 

Instructions: (pc=0x00000001288153bf)
0x000000012881539f:   c0 e9 82 00 00 00 48 8b 5e 10 48 85 db 75 0e bf
0x00000001288153af:   01 00 00 00 48 8d 15 07 7c 03 00 eb d6 49 89 fe
0x00000001288153bf:   4c 8b 3b 30 c0 e8 c1 a6 02 00 49 8b 3f 49 89 c4
0x00000001288153cf:   48 8b 35 4a 03 06 00 30 c0 e8 0f a8 02 00 48 85 

Register to memory mapping:

RAX=0x0000000128835d0e: Java_sun_java2d_opengl_OGLRenderQueue_flushBuffer+0x612 in /Library/Java/JavaVirtualMachines/jdk1.8.0_131.jdk/Contents/Home/jre/lib/libawt_lwawt.dylib at 0x00000001287f9000
RBX=0x0000000000000002 is an unknown value
RCX=0x0000000000000047 is an unknown value
RDX=0x0000000128836258: Java_sun_java2d_opengl_OGLRenderQueue_flushBuffer+0xb5c in /Library/Java/JavaVirtualMachines/jdk1.8.0_131.jdk/Contents/Home/jre/lib/libawt_lwawt.dylib at 0x00000001287f9000
RSP=0x0000700009d406e0 is pointing into the stack for thread: 0x00007fd4b91a3800
RBP=0x0000700009d40700 is pointing into the stack for thread: 0x00007fd4b91a3800
RSI=0x00007fd4b7db8060 is an unknown value
RDI=0x00007fd4b91a39f8 is an unknown value
R8 =0x00007fd4b7f37c40 is an unknown value
R9 =0x0000000000068862 is an unknown value
R10=0x00000001126479c8 is at code_begin+808 in an Interpreter codelet
method entry point (kind = native)  [0x00000001126476a0, 0x0000000112647fa0]  2304 bytes
R11=0x00000001108e4dcb: throw_unsatisfied_link_error+0 in /Library/Java/JavaVirtualMachines/jdk1.8.0_131.jdk/Contents/Home/jre/lib/server/libjvm.dylib at 0x0000000110400000
R12=0x0000000000000000 is an unknown value
R13={method} {0x0000000125b80a30} 'flushBuffer' '(JI)V' in 'sun/java2d/opengl/OGLRenderQueue'
R14=0x00007fd4b91a39f8 is an unknown value
R15=0x00007fd4b91a3800 is a thread


Stack: [0x0000700009c41000,0x0000700009d41000],  sp=0x0000700009d406e0,  free space=1021k
Native frames: (J=compiled Java code, j=interpreted, Vv=VM code, C=native code)
C  [libawt_lwawt.dylib+0x1c3bf]  OGLSD_SetScratchSurface+0x49
C  [libawt_lwawt.dylib+0x3cd36]  Java_sun_java2d_opengl_OGLRenderQueue_flushBuffer+0x63a
j  sun.java2d.opengl.OGLRenderQueue.flushBuffer(JI)V+0
j  sun.java2d.opengl.OGLRenderQueue.flushBuffer()V+21
j  sun.java2d.opengl.OGLRenderQueue.access$100(Lsun/java2d/opengl/OGLRenderQueue;)V+1
j  sun.java2d.opengl.OGLRenderQueue$QueueFlusher.run()V+81
v  ~StubRoutines::call_stub
V  [libjvm.dylib+0x2ee5b6]
V  [libjvm.dylib+0x2eed5a]
V  [libjvm.dylib+0x2eef06]
V  [libjvm.dylib+0x34965d]
V  [libjvm.dylib+0x56b87f]
V  [libjvm.dylib+0x56cf6c]
V  [libjvm.dylib+0x48b376]
C  [libsystem_pthread.dylib+0x393b]  _pthread_body+0xb4
C  [libsystem_pthread.dylib+0x3887]  _pthread_body+0x0
C  [libsystem_pthread.dylib+0x308d]  thread_start+0xd
C  0x0000000000000000

Java frames: (J=compiled Java code, j=interpreted, Vv=VM code)
j  sun.java2d.opengl.OGLRenderQueue.flushBuffer(JI)V+0
j  sun.java2d.opengl.OGLRenderQueue.flushBuffer()V+21
j  sun.java2d.opengl.OGLRenderQueue.access$100(Lsun/java2d/opengl/OGLRenderQueue;)V+1
j  sun.java2d.opengl.OGLRenderQueue$QueueFlusher.run()V+81
v  ~StubRoutines::call_stub

---------------  P R O C E S S  ---------------

Java Threads: ( => current thread )
  0x00007fd4be0ca000 JavaThread "Thread-0" [_thread_in_Java, id=71695, stack(0x000070000a153000,0x000070000a253000)]
  0x00007fd4bdaaf800 JavaThread "TimerQueue" daemon [_thread_blocked, id=65307, stack(0x000070000a050000,0x000070000a150000)]
  0x00007fd4b85e1800 JavaThread "DestroyJavaVM" [_thread_blocked, id=7171, stack(0x0000700008c0e000,0x0000700008d0e000)]
  0x00007fd4b8c5a000 JavaThread "AWT-EventQueue-0" [_thread_blocked, id=69599, stack(0x0000700009e47000,0x0000700009f47000)]
  0x00007fd4b8f44000 JavaThread "AWT-Shutdown" [_thread_blocked, id=29883, stack(0x0000700009abb000,0x0000700009bbb000)]
  0x00007fd4b921c800 JavaThread "Java2D Disposer" daemon [_thread_blocked, id=57359, stack(0x0000700009d44000,0x0000700009e44000)]
=>0x00007fd4b91a3800 JavaThread "Java2D Queue Flusher" daemon [_thread_in_native, id=57099, stack(0x0000700009c41000,0x0000700009d41000)]
  0x00007fd4b892c800 JavaThread "AppKit Thread" daemon [_thread_in_native, id=775, stack(0x00007fff4f965000,0x00007fff50165000)]
  0x00007fd4b9037000 JavaThread "Service Thread" daemon [_thread_blocked, id=18691, stack(0x0000700009832000,0x0000700009932000)]
  0x00007fd4b981f000 JavaThread "C1 CompilerThread2" daemon [_thread_in_native, id=18179, stack(0x000070000972f000,0x000070000982f000)]
  0x00007fd4b981e000 JavaThread "C2 CompilerThread1" daemon [_thread_in_native, id=17667, stack(0x000070000962c000,0x000070000972c000)]
  0x00007fd4b9036800 JavaThread "C2 CompilerThread0" daemon [_thread_blocked, id=17155, stack(0x0000700009529000,0x0000700009629000)]
  0x00007fd4b9000800 JavaThread "Signal Dispatcher" daemon [_thread_blocked, id=16643, stack(0x0000700009426000,0x0000700009526000)]
  0x00007fd4b882e000 JavaThread "Finalizer" daemon [_thread_blocked, id=12547, stack(0x0000700009323000,0x0000700009423000)]
  0x00007fd4b8800000 JavaThread "Reference Handler" daemon [_thread_blocked, id=12035, stack(0x0000700009220000,0x0000700009320000)]

Other Threads:
  0x00007fd4b9805800 VMThread [stack: 0x000070000911d000,0x000070000921d000] [id=11523]
  0x00007fd4b8807000 WatcherThread [stack: 0x0000700009935000,0x0000700009a35000] [id=19203]

VM state:not at safepoint (normal execution)

VM Mutex/Monitor currently owned by a thread: None

Heap:
 PSYoungGen      total 673280K, used 17244K [0x0000000795580000, 0x00000007bfd80000, 0x00000007c0000000)
  eden space 650752K, 2% used [0x0000000795580000,0x00000007966573c0,0x00000007bd100000)
  from space 22528K, 0% used [0x00000007bd100000,0x00000007bd100000,0x00000007be700000)
  to   space 21504K, 0% used [0x00000007be880000,0x00000007be880000,0x00000007bfd80000)
 ParOldGen       total 840192K, used 503840K [0x0000000740000000, 0x0000000773480000, 0x0000000795580000)
  object space 840192K, 59% used [0x0000000740000000,0x000000075ec081d0,0x0000000773480000)
 Metaspace       used 17743K, capacity 18122K, committed 18432K, reserved 1064960K
  class space    used 2390K, capacity 2509K, committed 2560K, reserved 1048576K

Card table byte_map: [0x0000000111763000,0x0000000111b64000] byte_map_base: 0x000000010dd63000

Marking Bits: (ParMarkBitMap*) 0x0000000110cf1ea0
 Begin Bits: [0x0000000121630000, 0x0000000123630000)
 End Bits:   [0x0000000123630000, 0x0000000125630000)

Polling page: 0x000000010fb5b000

CodeCache: size=245760Kb used=8139Kb max_used=8221Kb free=237620Kb
 bounds [0x0000000112630000, 0x0000000112e80000, 0x0000000121630000]
 total_blobs=2875 nmethods=2285 adapters=502
 compilation: enabled

Compilation events (10 events):
Event: 2582.041 Thread 0x00007fd4b981f000 nmethod 2922 0x0000000112885b50 code [0x0000000112885ce0, 0x00000001128860d8]
Event: 2585.373 Thread 0x00007fd4b981f000 2923       3       The_Overachiever::MCSTExplore (91 bytes)
Event: 2585.373 Thread 0x00007fd4b981f000 nmethod 2923 0x0000000112821b50 code [0x0000000112821d40, 0x00000001128223d8]
Event: 2632.423 Thread 0x00007fd4b981f000 2924       3       java.util.LinkedList::addAll (182 bytes)
Event: 2632.424 Thread 0x00007fd4b981f000 nmethod 2924 0x0000000112823710 code [0x0000000112823900, 0x0000000112824278]
Event: 2632.425 Thread 0x00007fd4b981e000 2925       4       org.ggp.base.util.symbol.grammar.SymbolList::get (14 bytes)
Event: 2632.427 Thread 0x00007fd4b981e000 nmethod 2925 0x0000000112a631d0 code [0x0000000112a63340, 0x0000000112a63498]
Event: 2632.446 Thread 0x00007fd4b981f000 2926       3       java.util.concurrent.ConcurrentHashMap::resizeStamp (13 bytes)
Event: 2632.447 Thread 0x00007fd4b981f000 nmethod 2926 0x0000000112b33f50 code [0x0000000112b340c0, 0x0000000112b34248]
Event: 2654.563 Thread 0x00007fd4b981e000 2927   !   4       java.lang.ref.Reference::tryHandlePending (115 bytes)

GC Heap History (10 events):
Event: 2648.347 GC heap before
{Heap before GC invocations=3874 (full 28):
 PSYoungGen      total 671744K, used 671467K [0x0000000795580000, 0x00000007c0000000, 0x00000007c0000000)
  eden space 652800K, 100% used [0x0000000795580000,0x00000007bd300000,0x00000007bd300000)
  from space 18944K, 98% used [0x00000007bd300000,0x00000007be53af30,0x00000007be580000)
  to   space 24576K, 0% used [0x00000007be800000,0x00000007be800000,0x00000007c0000000)
 ParOldGen       total 589824K, used 578333K [0x0000000740000000, 0x0000000764000000, 0x0000000795580000)
  object space 589824K, 98% used [0x0000000740000000,0x00000007634c76c8,0x0000000764000000)
 Metaspace       used 17744K, capacity 18082K, committed 18176K, reserved 1064960K
  class space    used 2391K, capacity 2517K, committed 2560K, reserved 1048576K
Event: 2648.371 GC heap after
Heap after GC invocations=3874 (full 28):
 PSYoungGen      total 674816K, used 15696K [0x0000000795580000, 0x00000007c0000000, 0x00000007c0000000)
  eden space 650240K, 0% used [0x0000000795580000,0x0000000795580000,0x00000007bd080000)
  from space 24576K, 63% used [0x00000007be800000,0x00000007bf754040,0x00000007c0000000)
  to   space 24064K, 0% used [0x00000007bd080000,0x00000007bd080000,0x00000007be800000)
 ParOldGen       total 589824K, used 582248K [0x0000000740000000, 0x0000000764000000, 0x0000000795580000)
  object space 589824K, 98% used [0x0000000740000000,0x000000076389a3b0,0x0000000764000000)
 Metaspace       used 17744K, capacity 18082K, committed 18176K, reserved 1064960K
  class space    used 2391K, capacity 2517K, committed 2560K, reserved 1048576K
}
Event: 2649.349 GC heap before
{Heap before GC invocations=3875 (full 28):
 PSYoungGen      total 674816K, used 665936K [0x0000000795580000, 0x00000007c0000000, 0x00000007c0000000)
  eden space 650240K, 100% used [0x0000000795580000,0x00000007bd080000,0x00000007bd080000)
  from space 24576K, 63% used [0x00000007be800000,0x00000007bf754040,0x00000007c0000000)
  to   space 24064K, 0% used [0x00000007bd080000,0x00000007bd080000,0x00000007be800000)
 ParOldGen       total 589824K, used 582248K [0x0000000740000000, 0x0000000764000000, 0x0000000795580000)
  object space 589824K, 98% used [0x0000000740000000,0x000000076389a3b0,0x0000000764000000)
 Metaspace       used 17744K, capacity 18082K, committed 18176K, reserved 1064960K
  class space    used 2391K, capacity 2517K, committed 2560K, reserved 1048576K
Event: 2649.368 GC heap after
Heap after GC invocations=3875 (full 28):
 PSYoungGen      total 664064K, used 13584K [0x0000000795580000, 0x00000007bfd80000, 0x00000007c0000000)
  eden space 650240K, 0% used [0x0000000795580000,0x0000000795580000,0x00000007bd080000)
  from space 13824K, 98% used [0x00000007bd080000,0x00000007bddc4020,0x00000007bde00000)
  to   space 23040K, 0% used [0x00000007be700000,0x00000007be700000,0x00000007bfd80000)
 ParOldGen       total 589824K, used 585309K [0x0000000740000000, 0x0000000764000000, 0x0000000795580000)
  object space 589824K, 99% used [0x0000000740000000,0x0000000763b97430,0x0000000764000000)
 Metaspace       used 17744K, capacity 18082K, committed 18176K, reserved 1064960K
  class space    used 2391K, capacity 2517K, committed 2560K, reserved 1048576K
}
Event: 2650.350 GC heap before
{Heap before GC invocations=3876 (full 28):
 PSYoungGen      total 664064K, used 663824K [0x0000000795580000, 0x00000007bfd80000, 0x00000007c0000000)
  eden space 650240K, 100% used [0x0000000795580000,0x00000007bd080000,0x00000007bd080000)
  from space 13824K, 98% used [0x00000007bd080000,0x00000007bddc4020,0x00000007bde00000)
  to   space 23040K, 0% used [0x00000007be700000,0x00000007be700000,0x00000007bfd80000)
 ParOldGen       total 589824K, used 585309K [0x0000000740000000, 0x0000000764000000, 0x0000000795580000)
  object space 589824K, 99% used [0x0000000740000000,0x0000000763b97430,0x0000000764000000)
 Metaspace       used 17744K, capacity 18082K, committed 18176K, reserved 1064960K
  class space    used 2391K, capacity 2517K, committed 2560K, reserved 1048576K
Event: 2650.366 GC heap after
Heap after GC invocations=3876 (full 28):
 PSYoungGen      total 673792K, used 13232K [0x0000000795580000, 0x00000007c0000000, 0x00000007c0000000)
  eden space 650752K, 0% used [0x0000000795580000,0x0000000795580000,0x00000007bd100000)
  from space 23040K, 57% used [0x00000007be700000,0x00000007bf3ec020,0x00000007bfd80000)
  to   space 22528K, 0% used [0x00000007bd100000,0x00000007bd100000,0x00000007be700000)
 ParOldGen       total 589824K, used 586469K [0x0000000740000000, 0x0000000764000000, 0x0000000795580000)
  object space 589824K, 99% used [0x0000000740000000,0x0000000763cb9430,0x0000000764000000)
 Metaspace       used 17744K, capacity 18082K, committed 18176K, reserved 1064960K
  class space    used 2391K, capacity 2517K, committed 2560K, reserved 1048576K
}
Event: 2651.350 GC heap before
{Heap before GC invocations=3877 (full 28):
 PSYoungGen      total 673792K, used 663984K [0x0000000795580000, 0x00000007c0000000, 0x00000007c0000000)
  eden space 650752K, 100% used [0x0000000795580000,0x00000007bd100000,0x00000007bd100000)
  from space 23040K, 57% used [0x00000007be700000,0x00000007bf3ec020,0x00000007bfd80000)
  to   space 22528K, 0% used [0x00000007bd100000,0x00000007bd100000,0x00000007be700000)
 ParOldGen       total 589824K, used 586469K [0x0000000740000000, 0x0000000764000000, 0x0000000795580000)
  object space 589824K, 99% used [0x0000000740000000,0x0000000763cb9430,0x0000000764000000)
 Metaspace       used 17744K, capacity 18082K, committed 18176K, reserved 1064960K
  class space    used 2391K, capacity 2517K, committed 2560K, reserved 1048576K
Event: 2651.367 GC heap after
Heap after GC invocations=3877 (full 28):
 PSYoungGen      total 673280K, used 13216K [0x0000000795580000, 0x00000007bfd80000, 0x00000007c0000000)
  eden space 650752K, 0% used [0x0000000795580000,0x0000000795580000,0x00000007bd100000)
  from space 22528K, 58% used [0x00000007bd100000,0x00000007bdde8010,0x00000007be700000)
  to   space 21504K, 0% used [0x00000007be880000,0x00000007be880000,0x00000007bfd80000)
 ParOldGen       total 589824K, used 587401K [0x0000000740000000, 0x0000000764000000, 0x0000000795580000)
  object space 589824K, 99% used [0x0000000740000000,0x0000000763da2440,0x0000000764000000)
 Metaspace       used 17744K, capacity 18082K, committed 18176K, reserved 1064960K
  class space    used 2391K, capacity 2517K, committed 2560K, reserved 1048576K
}
Event: 2651.367 GC heap before
{Heap before GC invocations=3878 (full 29):
 PSYoungGen      total 673280K, used 13216K [0x0000000795580000, 0x00000007bfd80000, 0x00000007c0000000)
  eden space 650752K, 0% used [0x0000000795580000,0x0000000795580000,0x00000007bd100000)
  from space 22528K, 58% used [0x00000007bd100000,0x00000007bdde8010,0x00000007be700000)
  to   space 21504K, 0% used [0x00000007be880000,0x00000007be880000,0x00000007bfd80000)
 ParOldGen       total 589824K, used 587401K [0x0000000740000000, 0x0000000764000000, 0x0000000795580000)
  object space 589824K, 99% used [0x0000000740000000,0x0000000763da2440,0x0000000764000000)
 Metaspace       used 17744K, capacity 18082K, committed 18176K, reserved 1064960K
  class space    used 2391K, capacity 2517K, committed 2560K, reserved 1048576K
Event: 2654.560 GC heap after
Heap after GC invocations=3878 (full 29):
 PSYoungGen      total 673280K, used 0K [0x0000000795580000, 0x00000007bfd80000, 0x00000007c0000000)
  eden space 650752K, 0% used [0x0000000795580000,0x0000000795580000,0x00000007bd100000)
  from space 22528K, 0% used [0x00000007bd100000,0x00000007bd100000,0x00000007be700000)
  to   space 21504K, 0% used [0x00000007be880000,0x00000007be880000,0x00000007bfd80000)
 ParOldGen       total 840192K, used 503840K [0x0000000740000000, 0x0000000773480000, 0x0000000795580000)
  object space 840192K, 59% used [0x0000000740000000,0x000000075ec081d0,0x0000000773480000)
 Metaspace       used 17729K, capacity 18058K, committed 18176K, reserved 1064960K
  class space    used 2386K, capacity 2509K, committed 2560K, reserved 1048576K
}

Deoptimization events (10 events):
Event: 1813.522 Thread 0x00007fd4be0ca000 Uncommon trap: reason=unstable_if action=reinterpret pc=0x0000000112cffd0c method=java.util.concurrent.ConcurrentHashMap.get(Ljava/lang/Object;)Ljava/lang/Object; @ 76
Event: 1813.800 Thread 0x00007fd4be0ca000 Uncommon trap: reason=unstable_if action=reinterpret pc=0x0000000112d96788 method=java.util.AbstractList.equals(Ljava/lang/Object;)Z @ 85
Event: 1814.037 Thread 0x00007fd4be0ca000 Uncommon trap: reason=unstable_if action=reinterpret pc=0x0000000112877ea4 method=java.util.AbstractList.equals(Ljava/lang/Object;)Z @ 85
Event: 1858.956 Thread 0x00007fd4be0ca000 Uncommon trap: reason=unstable_if action=reinterpret pc=0x0000000112a02c08 method=The_Overachiever.select(Lorg/ggp/base/util/statemachine/MachineState;Ljava/lang/Boolean;)Lorg/ggp/base/util/statemachine/MachineState; @ 30
Event: 1899.865 Thread 0x00007fd4be0ca000 Uncommon trap: reason=class_check action=maybe_recompile pc=0x00000001128930a8 method=java.util.concurrent.ConcurrentHashMap.putVal(Ljava/lang/Object;Ljava/lang/Object;Z)Ljava/lang/Object; @ 192
Event: 2090.627 Thread 0x00007fd4be0ca000 Uncommon trap: reason=unstable_if action=reinterpret pc=0x0000000112d9b904 method=java.util.HashMap.putVal(ILjava/lang/Object;Ljava/lang/Object;ZZ)Ljava/lang/Object; @ 162
Event: 2374.034 Thread 0x00007fd4b892c800 Uncommon trap: reason=class_check action=maybe_recompile pc=0x0000000112740084 method=java.util.HashMap.removeNode(ILjava/lang/Object;Ljava/lang/Object;ZZ)Ljava/util/HashMap$Node; @ 68
Event: 2374.094 Thread 0x00007fd4b8c5a000 Uncommon trap: reason=unstable_if action=reinterpret pc=0x00000001129aff90 method=java.util.HashMap$HashIterator.<init>(Ljava/util/HashMap;)V @ 45
Event: 2582.041 Thread 0x00007fd4be0ca000 Uncommon trap: reason=unstable_if action=reinterpret pc=0x0000000112d16e78 method=The_Overachiever.MCSTExplore(Lorg/ggp/base/util/statemachine/MachineState;)V @ 70
Event: 2654.563 Thread 0x00007fd4be0ca000 Uncommon trap: reason=unstable_if action=reinterpret pc=0x00000001129f88fc method=com.google.common.collect.MapMakerInternalMap$Segment.drainValueReferenceQueue()V @ 11

Internal exceptions (10 events):
Event: 1.923 Thread 0x00007fd4b9002000 Exception <a 'java/lang/NoClassDefFoundError': org/apache/commons/vfs2/VFS> (0x000000079b23d850) thrown at [/Users/java_re/workspace/8-2-build-macosx-x86_64/jdk8u131/8869/hotspot/src/share/vm/oops/constantPool.cpp, line 235]
Event: 2.290 Thread 0x00007fd4b9002000 Exception <a 'java/lang/NoClassDefFoundError': org/apache/commons/vfs2/VFS> (0x000000079b618b28) thrown at [/Users/java_re/workspace/8-2-build-macosx-x86_64/jdk8u131/8869/hotspot/src/share/vm/oops/constantPool.cpp, line 235]
Event: 2.645 Thread 0x00007fd4b9002000 Implicit null exception at 0x0000000112a36aed to 0x0000000112a36cf5
Event: 2.645 Thread 0x00007fd4b9002000 Implicit null exception at 0x0000000112a13ed5 to 0x0000000112a14019
Event: 2.677 Thread 0x00007fd4b9002000 Implicit null exception at 0x000000011292cf55 to 0x000000011292d4f5
Event: 4.110 Thread 0x00007fd4b8c5a000 Implicit null exception at 0x0000000112a92b75 to 0x0000000112a92f35
Event: 4.111 Thread 0x00007fd4b8c5a000 Implicit null exception at 0x0000000112955d36 to 0x00000001129560fd
Event: 59.956 Thread 0x00007fd4b882e000 Exception <a 'java/lang/NullPointerException'> (0x0000000795ca3418) thrown at [/Users/java_re/workspace/8-2-build-macosx-x86_64/jdk8u131/8869/hotspot/src/share/vm/interpreter/linkResolver.cpp, line 1197]
Event: 59.956 Thread 0x00007fd4b882e000 Exception <a 'java/lang/NullPointerException'> (0x0000000795ca3620) thrown at [/Users/java_re/workspace/8-2-build-macosx-x86_64/jdk8u131/8869/hotspot/src/share/vm/interpreter/linkResolver.cpp, line 1197]
Event: 127.888 Thread 0x00007fd4be0ca000 Implicit null exception at 0x00000001129a1376 to 0x00000001129a1985

Events (10 events):
Event: 2654.560 Executing VM operation: RevokeBias done
Event: 2654.561 Executing VM operation: BulkRevokeBias
Event: 2654.561 Executing VM operation: BulkRevokeBias done
Event: 2654.562 Executing VM operation: BulkRevokeBias
Event: 2654.562 Executing VM operation: BulkRevokeBias done
Event: 2654.563 Thread 0x00007fd4be0ca000 Uncommon trap: trap_request=0xffffff65 fr.pc=0x00000001129f88fc
Event: 2654.563 Thread 0x00007fd4be0ca000 DEOPT PACKING pc=0x00000001129f88fc sp=0x000070000a2510d0
Event: 2654.563 Thread 0x00007fd4be0ca000 DEOPT UNPACKING pc=0x0000000112635229 sp=0x000070000a250eb8 mode 2
Event: 2654.563 loading class com/google/common/collect/MapMaker$RemovalCause
Event: 2654.563 loading class com/google/common/collect/MapMaker$RemovalCause done


Dynamic libraries:
0x000000000509c000 	/System/Library/Frameworks/Cocoa.framework/Versions/A/Cocoa
0x000000000509c000 	/System/Library/Frameworks/Security.framework/Versions/A/Security
0x000000000509c000 	/System/Library/Frameworks/ApplicationServices.framework/Versions/A/ApplicationServices
0x000000000509c000 	/usr/lib/libz.1.dylib
0x000000000509c000 	/usr/lib/libSystem.B.dylib
0x000000000509c000 	/usr/lib/libobjc.A.dylib
0x000000000509c000 	/System/Library/Frameworks/CoreFoundation.framework/Versions/A/CoreFoundation
0x000000000509c000 	/System/Library/Frameworks/Foundation.framework/Versions/C/Foundation
0x000000000509c000 	/System/Library/Frameworks/AppKit.framework/Versions/C/AppKit
0x000000000509c000 	/System/Library/Frameworks/CoreData.framework/Versions/A/CoreData
0x000000000509c000 	/System/Library/PrivateFrameworks/RemoteViewServices.framework/Versions/A/RemoteViewServices
0x000000000509c000 	/System/Library/PrivateFrameworks/UIFoundation.framework/Versions/A/UIFoundation
0x000000000509c000 	/System/Library/PrivateFrameworks/DFRFoundation.framework/Versions/A/DFRFoundation
0x000000000509c000 	/usr/lib/libenergytrace.dylib
0x000000000509c000 	/System/Library/PrivateFrameworks/SkyLight.framework/Versions/A/SkyLight
0x000000000509c000 	/System/Library/Frameworks/CoreGraphics.framework/Versions/A/CoreGraphics
0x000000000509c000 	/usr/lib/libScreenReader.dylib
0x000000000509c000 	/System/Library/Frameworks/Accelerate.framework/Versions/A/Accelerate
0x000000000509c000 	/System/Library/Frameworks/IOSurface.framework/Versions/A/IOSurface
0x000000000509c000 	/System/Library/Frameworks/AudioToolbox.framework/Versions/A/AudioToolbox
0x000000000509c000 	/System/Library/Frameworks/AudioUnit.framework/Versions/A/AudioUnit
0x000000000509c000 	/System/Library/PrivateFrameworks/DataDetectorsCore.framework/Versions/A/DataDetectorsCore
0x000000000509c000 	/System/Library/PrivateFrameworks/DesktopServicesPriv.framework/Versions/A/DesktopServicesPriv
0x000000000509c000 	/System/Library/Frameworks/Carbon.framework/Versions/A/Frameworks/HIToolbox.framework/Versions/A/HIToolbox
0x000000000509c000 	/usr/lib/libicucore.A.dylib
0x000000000509c000 	/System/Library/Frameworks/QuartzCore.framework/Versions/A/QuartzCore
0x000000000509c000 	/System/Library/Frameworks/Carbon.framework/Versions/A/Frameworks/SpeechRecognition.framework/Versions/A/SpeechRecognition
0x000000000509c000 	/usr/lib/libauto.dylib
0x000000000509c000 	/usr/lib/libxml2.2.dylib
0x000000000509c000 	/System/Library/PrivateFrameworks/CoreUI.framework/Versions/A/CoreUI
0x000000000509c000 	/System/Library/Frameworks/CoreAudio.framework/Versions/A/CoreAudio
0x000000000509c000 	/System/Library/Frameworks/DiskArbitration.framework/Versions/A/DiskArbitration
0x000000000509c000 	/usr/lib/liblangid.dylib
0x000000000509c000 	/System/Library/PrivateFrameworks/MultitouchSupport.framework/Versions/A/MultitouchSupport
0x000000000509c000 	/System/Library/Frameworks/IOKit.framework/Versions/A/IOKit
0x000000000509c000 	/usr/lib/libDiagnosticMessagesClient.dylib
0x000000000509c000 	/System/Library/Frameworks/CoreServices.framework/Versions/A/CoreServices
0x000000000509c000 	/System/Library/PrivateFrameworks/PerformanceAnalysis.framework/Versions/A/PerformanceAnalysis
0x000000000509c000 	/System/Library/PrivateFrameworks/GenerationalStorage.framework/Versions/A/GenerationalStorage
0x000000000509c000 	/System/Library/Frameworks/OpenGL.framework/Versions/A/OpenGL
0x000000000509c000 	/System/Library/Frameworks/CoreImage.framework/Versions/A/CoreImage
0x000000000509c000 	/System/Library/Frameworks/CoreText.framework/Versions/A/CoreText
0x000000000509c000 	/System/Library/Frameworks/ImageIO.framework/Versions/A/ImageIO
0x000000000509c000 	/System/Library/PrivateFrameworks/Backup.framework/Versions/A/Backup
0x000000000509c000 	/usr/lib/libarchive.2.dylib
0x000000000509c000 	/System/Library/Frameworks/CFNetwork.framework/Versions/A/CFNetwork
0x000000000509c000 	/System/Library/Frameworks/SystemConfiguration.framework/Versions/A/SystemConfiguration
0x000000000509c000 	/usr/lib/libCRFSuite.dylib
0x000000000509c000 	/usr/lib/libc++.1.dylib
0x000000000509c000 	/usr/lib/libc++abi.dylib
0x000000000509c000 	/usr/lib/system/libcache.dylib
0x000000000509c000 	/usr/lib/system/libcommonCrypto.dylib
0x000000000509c000 	/usr/lib/system/libcompiler_rt.dylib
0x000000000509c000 	/usr/lib/system/libcopyfile.dylib
0x000000000509c000 	/usr/lib/system/libcorecrypto.dylib
0x000000000509c000 	/usr/lib/system/libdispatch.dylib
0x000000000509c000 	/usr/lib/system/libdyld.dylib
0x000000000509c000 	/usr/lib/system/libkeymgr.dylib
0x000000000509c000 	/usr/lib/system/liblaunch.dylib
0x000000000509c000 	/usr/lib/system/libmacho.dylib
0x000000000509c000 	/usr/lib/system/libquarantine.dylib
0x000000000509c000 	/usr/lib/system/libremovefile.dylib
0x000000000509c000 	/usr/lib/system/libsystem_asl.dylib
0x000000000509c000 	/usr/lib/system/libsystem_blocks.dylib
0x000000000509c000 	/usr/lib/system/libsystem_c.dylib
0x000000000509c000 	/usr/lib/system/libsystem_configuration.dylib
0x000000000509c000 	/usr/lib/system/libsystem_coreservices.dylib
0x000000000509c000 	/usr/lib/system/libsystem_coretls.dylib
0x000000000509c000 	/usr/lib/system/libsystem_dnssd.dylib
0x000000000509c000 	/usr/lib/system/libsystem_info.dylib
0x000000000509c000 	/usr/lib/system/libsystem_kernel.dylib
0x000000000509c000 	/usr/lib/system/libsystem_m.dylib
0x000000000509c000 	/usr/lib/system/libsystem_malloc.dylib
0x000000000509c000 	/usr/lib/system/libsystem_network.dylib
0x000000000509c000 	/usr/lib/system/libsystem_networkextension.dylib
0x000000000509c000 	/usr/lib/system/libsystem_notify.dylib
0x000000000509c000 	/usr/lib/system/libsystem_platform.dylib
0x000000000509c000 	/usr/lib/system/libsystem_pthread.dylib
0x000000000509c000 	/usr/lib/system/libsystem_sandbox.dylib
0x000000000509c000 	/usr/lib/system/libsystem_secinit.dylib
0x000000000509c000 	/usr/lib/system/libsystem_symptoms.dylib
0x000000000509c000 	/usr/lib/system/libsystem_trace.dylib
0x000000000509c000 	/usr/lib/system/libunwind.dylib
0x000000000509c000 	/usr/lib/system/libxpc.dylib
0x000000000509c000 	/usr/lib/libbsm.0.dylib
0x000000000509c000 	/usr/lib/system/libkxld.dylib
0x000000000509c000 	/usr/lib/libcoretls.dylib
0x000000000509c000 	/usr/lib/libcoretls_cfhelpers.dylib
0x000000000509c000 	/usr/lib/libOpenScriptingUtil.dylib
0x000000000509c000 	/usr/lib/libpam.2.dylib
0x000000000509c000 	/usr/lib/libsqlite3.dylib
0x000000000509c000 	/usr/lib/libxar.1.dylib
0x000000000509c000 	/usr/lib/libbz2.1.0.dylib
0x000000000509c000 	/usr/lib/liblzma.5.dylib
0x000000000509c000 	/usr/lib/libnetwork.dylib
0x000000000509c000 	/usr/lib/libpcap.A.dylib
0x000000000509c000 	/System/Library/Frameworks/CoreServices.framework/Versions/A/Frameworks/FSEvents.framework/Versions/A/FSEvents
0x000000000509c000 	/System/Library/Frameworks/CoreServices.framework/Versions/A/Frameworks/CarbonCore.framework/Versions/A/CarbonCore
0x000000000509c000 	/System/Library/Frameworks/CoreServices.framework/Versions/A/Frameworks/Metadata.framework/Versions/A/Metadata
0x000000000509c000 	/System/Library/Frameworks/CoreServices.framework/Versions/A/Frameworks/OSServices.framework/Versions/A/OSServices
0x000000000509c000 	/System/Library/Frameworks/CoreServices.framework/Versions/A/Frameworks/SearchKit.framework/Versions/A/SearchKit
0x000000000509c000 	/System/Library/Frameworks/CoreServices.framework/Versions/A/Frameworks/AE.framework/Versions/A/AE
0x000000000509c000 	/System/Library/Frameworks/CoreServices.framework/Versions/A/Frameworks/LaunchServices.framework/Versions/A/LaunchServices
0x000000000509c000 	/System/Library/Frameworks/CoreServices.framework/Versions/A/Frameworks/DictionaryServices.framework/Versions/A/DictionaryServices
0x000000000509c000 	/System/Library/Frameworks/CoreServices.framework/Versions/A/Frameworks/SharedFileList.framework/Versions/A/SharedFileList
0x000000000509c000 	/System/Library/Frameworks/NetFS.framework/Versions/A/NetFS
0x000000000509c000 	/System/Library/PrivateFrameworks/NetAuth.framework/Versions/A/NetAuth
0x000000000509c000 	/System/Library/PrivateFrameworks/login.framework/Versions/A/Frameworks/loginsupport.framework/Versions/A/loginsupport
0x000000000509c000 	/System/Library/PrivateFrameworks/TCC.framework/Versions/A/TCC
0x000000000509c000 	/usr/lib/libmecabra.dylib
0x000000000509c000 	/System/Library/Frameworks/ApplicationServices.framework/Versions/A/Frameworks/ATS.framework/Versions/A/ATS
0x000000000509c000 	/System/Library/Frameworks/ApplicationServices.framework/Versions/A/Frameworks/ColorSync.framework/Versions/A/ColorSync
0x000000000509c000 	/System/Library/Frameworks/ApplicationServices.framework/Versions/A/Frameworks/HIServices.framework/Versions/A/HIServices
0x000000000509c000 	/System/Library/Frameworks/ApplicationServices.framework/Versions/A/Frameworks/LangAnalysis.framework/Versions/A/LangAnalysis
0x000000000509c000 	/System/Library/Frameworks/ApplicationServices.framework/Versions/A/Frameworks/PrintCore.framework/Versions/A/PrintCore
0x000000000509c000 	/System/Library/Frameworks/ApplicationServices.framework/Versions/A/Frameworks/QD.framework/Versions/A/QD
0x000000000509c000 	/System/Library/Frameworks/ApplicationServices.framework/Versions/A/Frameworks/SpeechSynthesis.framework/Versions/A/SpeechSynthesis
0x000000000509c000 	/System/Library/Frameworks/Accelerate.framework/Versions/A/Frameworks/vImage.framework/Versions/A/vImage
0x000000000509c000 	/System/Library/Frameworks/Accelerate.framework/Versions/A/Frameworks/vecLib.framework/Versions/A/vecLib
0x000000000509c000 	/System/Library/Frameworks/Accelerate.framework/Versions/A/Frameworks/vecLib.framework/Versions/A/libvDSP.dylib
0x000000000509c000 	/System/Library/Frameworks/Accelerate.framework/Versions/A/Frameworks/vecLib.framework/Versions/A/libBNNS.dylib
0x000000000509c000 	/System/Library/Frameworks/Accelerate.framework/Versions/A/Frameworks/vecLib.framework/Versions/A/libQuadrature.dylib
0x000000000509c000 	/System/Library/Frameworks/Accelerate.framework/Versions/A/Frameworks/vecLib.framework/Versions/A/libvMisc.dylib
0x000000000509c000 	/System/Library/Frameworks/Accelerate.framework/Versions/A/Frameworks/vecLib.framework/Versions/A/libLAPACK.dylib
0x000000000509c000 	/System/Library/Frameworks/Accelerate.framework/Versions/A/Frameworks/vecLib.framework/Versions/A/libBLAS.dylib
0x000000000509c000 	/System/Library/Frameworks/Accelerate.framework/Versions/A/Frameworks/vecLib.framework/Versions/A/libLinearAlgebra.dylib
0x000000000509c000 	/System/Library/Frameworks/Accelerate.framework/Versions/A/Frameworks/vecLib.framework/Versions/A/libSparseBLAS.dylib
0x000000000509c000 	/System/Library/Frameworks/ApplicationServices.framework/Versions/A/Frameworks/ATS.framework/Versions/A/Resources/libFontParser.dylib
0x000000000509c000 	/System/Library/Frameworks/ApplicationServices.framework/Versions/A/Frameworks/ATS.framework/Versions/A/Resources/libFontRegistry.dylib
0x000000000509c000 	/System/Library/Frameworks/ImageIO.framework/Versions/A/Resources/libJPEG.dylib
0x000000000509c000 	/System/Library/Frameworks/ImageIO.framework/Versions/A/Resources/libTIFF.dylib
0x000000000509c000 	/System/Library/Frameworks/ImageIO.framework/Versions/A/Resources/libPng.dylib
0x000000000509c000 	/System/Library/Frameworks/ImageIO.framework/Versions/A/Resources/libGIF.dylib
0x000000000509c000 	/System/Library/Frameworks/ImageIO.framework/Versions/A/Resources/libJP2.dylib
0x000000000509c000 	/System/Library/Frameworks/ImageIO.framework/Versions/A/Resources/libRadiance.dylib
0x000000000509c000 	/usr/lib/libcompression.dylib
0x000000000509c000 	/System/Library/PrivateFrameworks/AppleJPEG.framework/Versions/A/AppleJPEG
0x000000000509c000 	/usr/lib/libcups.2.dylib
0x000000000509c000 	/System/Library/Frameworks/Kerberos.framework/Versions/A/Kerberos
0x000000000509c000 	/System/Library/Frameworks/GSS.framework/Versions/A/GSS
0x000000000509c000 	/usr/lib/libresolv.9.dylib
0x000000000509c000 	/usr/lib/libiconv.2.dylib
0x000000000509c000 	/System/Library/PrivateFrameworks/Heimdal.framework/Versions/A/Heimdal
0x000000000509c000 	/usr/lib/libheimdal-asn1.dylib
0x000000000509c000 	/System/Library/Frameworks/OpenDirectory.framework/Versions/A/OpenDirectory
0x000000000509c000 	/System/Library/PrivateFrameworks/CommonAuth.framework/Versions/A/CommonAuth
0x000000000509c000 	/System/Library/Frameworks/OpenDirectory.framework/Versions/A/Frameworks/CFOpenDirectory.framework/Versions/A/CFOpenDirectory
0x000000000509c000 	/System/Library/Frameworks/SecurityFoundation.framework/Versions/A/SecurityFoundation
0x000000000509c000 	/System/Library/PrivateFrameworks/LanguageModeling.framework/Versions/A/LanguageModeling
0x000000000509c000 	/usr/lib/libmarisa.dylib
0x000000000509c000 	/usr/lib/libChineseTokenizer.dylib
0x000000000509c000 	/usr/lib/libcmph.dylib
0x000000000509c000 	/System/Library/PrivateFrameworks/CoreEmoji.framework/Versions/A/CoreEmoji
0x000000000509c000 	/System/Library/Frameworks/ServiceManagement.framework/Versions/A/ServiceManagement
0x000000000509c000 	/usr/lib/libxslt.1.dylib
0x000000000509c000 	/System/Library/Frameworks/Carbon.framework/Versions/A/Frameworks/Ink.framework/Versions/A/Ink
0x000000000509c000 	/System/Library/PrivateFrameworks/TextureIO.framework/Versions/A/TextureIO
0x000000000509c000 	/System/Library/Frameworks/Metal.framework/Versions/A/Metal
0x000000000509c000 	/usr/lib/libate.dylib
0x000000000509c000 	/System/Library/PrivateFrameworks/GPUCompiler.framework/libmetal_timestamp.dylib
0x000000000509c000 	/System/Library/Frameworks/OpenGL.framework/Versions/A/Libraries/libCoreFSCache.dylib
0x000000000509c000 	/System/Library/PrivateFrameworks/IOAccelerator.framework/Versions/A/IOAccelerator
0x000000000509c000 	/System/Library/Frameworks/CoreVideo.framework/Versions/A/CoreVideo
0x000000000509c000 	/usr/lib/libFosl_dynamic.dylib
0x000000000509c000 	/System/Library/PrivateFrameworks/MetalPerformanceShaders.framework/Versions/A/MetalPerformanceShaders
0x000000000509c000 	/System/Library/PrivateFrameworks/FaceCore.framework/Versions/A/FaceCore
0x000000000509c000 	/System/Library/Frameworks/OpenCL.framework/Versions/A/OpenCL
0x000000000509c000 	/System/Library/Frameworks/OpenGL.framework/Versions/A/Libraries/libGLU.dylib
0x000000000509c000 	/System/Library/Frameworks/OpenGL.framework/Versions/A/Libraries/libGFXShared.dylib
0x000000000509c000 	/System/Library/Frameworks/OpenGL.framework/Versions/A/Libraries/libGL.dylib
0x000000000509c000 	/System/Library/Frameworks/OpenGL.framework/Versions/A/Libraries/libGLImage.dylib
0x000000000509c000 	/System/Library/Frameworks/OpenGL.framework/Versions/A/Libraries/libCVMSPluginSupport.dylib
0x000000000509c000 	/System/Library/Frameworks/OpenGL.framework/Versions/A/Libraries/libCoreVMClient.dylib
0x000000000509c000 	/System/Library/PrivateFrameworks/CrashReporterSupport.framework/Versions/A/CrashReporterSupport
0x000000000509c000 	/System/Library/PrivateFrameworks/Sharing.framework/Versions/A/Sharing
0x000000000509c000 	/System/Library/PrivateFrameworks/IconServices.framework/Versions/A/IconServices
0x000000000509c000 	/System/Library/PrivateFrameworks/ProtocolBuffer.framework/Versions/A/ProtocolBuffer
0x000000000509c000 	/System/Library/PrivateFrameworks/Apple80211.framework/Versions/A/Apple80211
0x000000000509c000 	/System/Library/Frameworks/CoreWLAN.framework/Versions/A/CoreWLAN
0x000000000509c000 	/System/Library/PrivateFrameworks/CoreUtils.framework/Versions/A/CoreUtils
0x000000000509c000 	/System/Library/Frameworks/IOBluetooth.framework/Versions/A/IOBluetooth
0x000000000509c000 	/System/Library/PrivateFrameworks/CoreWiFi.framework/Versions/A/CoreWiFi
0x000000000509c000 	/System/Library/Frameworks/CoreBluetooth.framework/Versions/A/CoreBluetooth
0x000000000509c000 	/System/Library/Frameworks/CoreDisplay.framework/Versions/A/CoreDisplay
0x000000000509c000 	/System/Library/PrivateFrameworks/IOPresentment.framework/Versions/A/IOPresentment
0x000000000509c000 	/System/Library/PrivateFrameworks/DSExternalDisplay.framework/Versions/A/DSExternalDisplay
0x000000000509c000 	/System/Library/PrivateFrameworks/DebugSymbols.framework/Versions/A/DebugSymbols
0x000000000509c000 	/System/Library/PrivateFrameworks/CoreSymbolication.framework/Versions/A/CoreSymbolication
0x000000000509c000 	/System/Library/PrivateFrameworks/Symbolication.framework/Versions/A/Symbolication
0x000000000509c000 	/System/Library/PrivateFrameworks/AppleFSCompression.framework/Versions/A/AppleFSCompression
0x000000000509c000 	/System/Library/PrivateFrameworks/SpeechRecognitionCore.framework/Versions/A/SpeechRecognitionCore
0x000000000509c000 	/System/Library/PrivateFrameworks/ChunkingLibrary.framework/Versions/A/ChunkingLibrary
0x0000000110400000 	/Library/Java/JavaVirtualMachines/jdk1.8.0_131.jdk/Contents/Home/jre/lib/server/libjvm.dylib
0x000000000509c000 	/usr/lib/libstdc++.6.dylib
0x000000010fb18000 	/Library/Java/JavaVirtualMachines/jdk1.8.0_131.jdk/Contents/Home/jre/lib/libverify.dylib
0x000000010fb26000 	/Library/Java/JavaVirtualMachines/jdk1.8.0_131.jdk/Contents/Home/jre/lib/libjava.dylib
0x000000010fb65000 	/Library/Java/JavaVirtualMachines/jdk1.8.0_131.jdk/Contents/Home/jre/lib/libzip.dylib
0x0000000112576000 	/System/Library/Frameworks/JavaVM.framework/Frameworks/JavaRuntimeSupport.framework/JavaRuntimeSupport
0x0000000112590000 	/System/Library/Frameworks/JavaVM.framework/Versions/A/Frameworks/JavaNativeFoundation.framework/Versions/A/JavaNativeFoundation
0x0000000126d30000 	/System/Library/Frameworks/JavaVM.framework/Versions/A/JavaVM
0x000000000509c000 	/System/Library/Frameworks/Carbon.framework/Versions/A/Carbon
0x0000000126d3d000 	/System/Library/PrivateFrameworks/JavaLaunching.framework/Versions/A/JavaLaunching
0x000000000509c000 	/System/Library/Frameworks/Carbon.framework/Versions/A/Frameworks/CommonPanels.framework/Versions/A/CommonPanels
0x000000000509c000 	/System/Library/Frameworks/Carbon.framework/Versions/A/Frameworks/Help.framework/Versions/A/Help
0x000000000509c000 	/System/Library/Frameworks/Carbon.framework/Versions/A/Frameworks/ImageCapture.framework/Versions/A/ImageCapture
0x000000000509c000 	/System/Library/Frameworks/Carbon.framework/Versions/A/Frameworks/OpenScripting.framework/Versions/A/OpenScripting
0x000000000509c000 	/System/Library/Frameworks/Carbon.framework/Versions/A/Frameworks/Print.framework/Versions/A/Print
0x000000000509c000 	/System/Library/Frameworks/Carbon.framework/Versions/A/Frameworks/SecurityHI.framework/Versions/A/SecurityHI
0x0000000128685000 	/Library/Java/JavaVirtualMachines/jdk1.8.0_131.jdk/Contents/Home/jre/lib/libawt.dylib
0x000000012872d000 	/Library/Java/JavaVirtualMachines/jdk1.8.0_131.jdk/Contents/Home/jre/lib/./libmlib_image.dylib
0x00000001287f9000 	/Library/Java/JavaVirtualMachines/jdk1.8.0_131.jdk/Contents/Home/jre/lib/libawt_lwawt.dylib
0x00000001288b0000 	/Library/Java/JavaVirtualMachines/jdk1.8.0_131.jdk/Contents/Home/jre/lib/./libosxapp.dylib
0x000000000509c000 	/System/Library/Frameworks/ExceptionHandling.framework/Versions/A/ExceptionHandling
0x000000000509c000 	/System/Library/PrivateFrameworks/CoreServicesInternal.framework/Versions/A/CoreServicesInternal
0x000000000509c000 	/System/Library/CoreServices/RawCamera.bundle/Contents/MacOS/RawCamera
0x0000000128c4e000 	/System/Library/Frameworks/Accelerate.framework/Frameworks/vImage.framework/Versions/A/Libraries/libCGInterfaces.dylib
0x000000000509c000 	/System/Library/Frameworks/ApplicationServices.framework/Versions/A/Frameworks/ATS.framework/Versions/A/Resources/libTrueTypeScaler.dylib
0x000000012a99a000 	/System/Library/Frameworks/OpenGL.framework/Resources/GLEngine.bundle/GLEngine
0x000000000509c000 	/System/Library/Frameworks/OpenGL.framework/Versions/A/Libraries/libGLProgrammability.dylib
0x000000012ab7f000 	/System/Library/Extensions/AppleIntelSKLGraphicsGLDriver.bundle/Contents/MacOS/AppleIntelSKLGraphicsGLDriver
0x000000000509c000 	/System/Library/PrivateFrameworks/GPUSupport.framework/Versions/A/Libraries/libGPUSupportMercury.dylib
0x000000012b903000 	/System/Library/Frameworks/OpenGL.framework/Resources//GLRendererFloat.bundle/GLRendererFloat
0x000000000509c000 	/System/Library/Frameworks/OpenCL.framework/Versions/A/Libraries/libcldcpuengine.dylib
0x000000000509c000 	/usr/lib/libcrypto.0.9.8.dylib
0x000000000509c000 	/System/Library/PrivateFrameworks/TrustEvaluationAgent.framework/Versions/A/TrustEvaluationAgent
0x000000012b937000 	/System/Library/Extensions/AppleIntelSKLGraphicsMTLDriver.bundle/Contents/MacOS/AppleIntelSKLGraphicsMTLDriver
0x000000000509c000 	/System/Library/PrivateFrameworks/FamilyControls.framework/Versions/A/FamilyControls
0x000000000509c000 	/System/Library/PrivateFrameworks/CommerceKit.framework/Versions/A/Frameworks/CommerceCore.framework/Versions/A/CommerceCore
0x000000000509c000 	/System/Library/PrivateFrameworks/SystemAdministration.framework/Versions/A/SystemAdministration
0x000000000509c000 	/System/Library/PrivateFrameworks/AppContainer.framework/Versions/A/AppContainer
0x000000000509c000 	/System/Library/PrivateFrameworks/SecCodeWrapper.framework/Versions/A/SecCodeWrapper
0x000000000509c000 	/System/Library/Frameworks/DirectoryService.framework/Versions/A/DirectoryService
0x000000000509c000 	/System/Library/PrivateFrameworks/DiskImages.framework/Versions/A/DiskImages
0x000000000509c000 	/System/Library/PrivateFrameworks/LoginUIKit.framework/Versions/A/Frameworks/LoginUICore.framework/Versions/A/LoginUICore
0x000000000509c000 	/usr/lib/libCoreStorage.dylib
0x000000000509c000 	/usr/lib/libcsfde.dylib
0x000000000509c000 	/usr/lib/libodfde.dylib
0x000000000509c000 	/System/Library/Frameworks/DiscRecording.framework/Versions/A/DiscRecording
0x000000000509c000 	/usr/lib/libcurl.4.dylib
0x000000000509c000 	/System/Library/PrivateFrameworks/MediaKit.framework/Versions/A/MediaKit
0x000000000509c000 	/System/Library/PrivateFrameworks/ProtectedCloudStorage.framework/Versions/A/ProtectedCloudStorage
0x000000000509c000 	/System/Library/PrivateFrameworks/EFILogin.framework/Versions/A/EFILogin
0x000000000509c000 	/usr/lib/libutil.dylib
0x000000000509c000 	/System/Library/Frameworks/LDAP.framework/Versions/A/LDAP
0x000000000509c000 	/usr/lib/libsasl2.2.dylib
0x000000000509c000 	/System/Library/PrivateFrameworks/CoreDaemon.framework/Versions/B/CoreDaemon
0x000000000509c000 	/System/Library/PrivateFrameworks/AppleSRP.framework/Versions/A/AppleSRP
0x000000000509c000 	/System/Library/PrivateFrameworks/APFS.framework/Versions/A/APFS
0x000000012d0ae000 	/Library/Java/JavaVirtualMachines/jdk1.8.0_131.jdk/Contents/Home/jre/lib/libfontmanager.dylib
0x0000000129341000 	/Library/Java/JavaVirtualMachines/jdk1.8.0_131.jdk/Contents/Home/jre/lib/libosxui.dylib
0x000000000509c000 	/System/Library/PrivateFrameworks/ViewBridge.framework/Versions/A/ViewBridge
0x000000000509c000 	/System/Library/PrivateFrameworks/XPCService.framework/Versions/A/XPCService
0x000000000509c000 	/System/Library/PrivateFrameworks/AppSandbox.framework/Versions/A/AppSandbox
0x000000000509c000 	/usr/lib/libsandbox.1.dylib
0x000000000509c000 	/usr/lib/libMatch.1.dylib
0x000000012a864000 	/Library/Java/JavaVirtualMachines/jdk1.8.0_131.jdk/Contents/Home/jre/lib/libnet.dylib
0x0000000129358000 	/Library/Java/JavaVirtualMachines/jdk1.8.0_131.jdk/Contents/Home/jre/lib/libnio.dylib

VM Arguments:
jvm_args: -Dfile.encoding=UTF-8 
java_command: org.ggp.base.apps.player.Player
java_class_path (initial): /Users/frankyj3/Documents/ggp-base-master/bin:/Users/frankyj3/Documents/ggp-base-master/lib/JUnit/junit-4.11.jar:/Users/frankyj3/Documents/ggp-base-master/lib/JUnit/hamcrest-core-1.3.jar:/Users/frankyj3/Documents/ggp-base-master/lib/Guava/guava-14.0.1.jar:/Users/frankyj3/Documents/ggp-base-master/lib/Jython/jython.jar:/Users/frankyj3/Documents/ggp-base-master/lib/Clojure/clojure.jar:/Users/frankyj3/Documents/ggp-base-master/lib/Batik/batik-1.7.jar:/Users/frankyj3/Documents/ggp-base-master/lib/FlyingSaucer/core-renderer.jar:/Users/frankyj3/Documents/ggp-base-master/lib/javassist/javassist.jar:/Users/frankyj3/Documents/ggp-base-master/lib/reflections/reflections-0.9.9-RC1.jar:/Users/frankyj3/Documents/ggp-base-master/lib/Htmlparser/htmlparser-1.4.jar
Launcher Type: SUN_STANDARD

Environment Variables:
PATH=/usr/bin:/bin:/usr/sbin:/sbin
SHELL=/bin/bash

Signal Handlers:
SIGSEGV: [libjvm.dylib+0x5b1eb1], sa_mask[0]=11111111011111110111111111111111, sa_flags=SA_ONSTACK|SA_RESTART|SA_SIGINFO
SIGBUS: [libjvm.dylib+0x5b1eb1], sa_mask[0]=11111111011111110111111111111111, sa_flags=SA_RESTART|SA_SIGINFO
SIGFPE: [libjvm.dylib+0x488988], sa_mask[0]=11111111011111110111111111111111, sa_flags=SA_RESTART|SA_SIGINFO
SIGPIPE: [libjvm.dylib+0x488988], sa_mask[0]=11111111011111110111111111111111, sa_flags=SA_RESTART|SA_SIGINFO
SIGXFSZ: [libjvm.dylib+0x488988], sa_mask[0]=11111111011111110111111111111111, sa_flags=SA_RESTART|SA_SIGINFO
SIGILL: [libjvm.dylib+0x488988], sa_mask[0]=11111111011111110111111111111111, sa_flags=SA_RESTART|SA_SIGINFO
SIGUSR1: SIG_DFL, sa_mask[0]=00000000000000000000000000000000, sa_flags=none
SIGUSR2: [libjvm.dylib+0x4884a6], sa_mask[0]=00100000000000000000000000000000, sa_flags=SA_RESTART|SA_SIGINFO
SIGHUP: [libjvm.dylib+0x486a7d], sa_mask[0]=11111111011111110111111111111111, sa_flags=SA_RESTART|SA_SIGINFO
SIGINT: [libjvm.dylib+0x486a7d], sa_mask[0]=11111111011111110111111111111111, sa_flags=SA_RESTART|SA_SIGINFO
SIGTERM: [libjvm.dylib+0x486a7d], sa_mask[0]=11111111011111110111111111111111, sa_flags=SA_RESTART|SA_SIGINFO
SIGQUIT: [libjvm.dylib+0x486a7d], sa_mask[0]=11111111011111110111111111111111, sa_flags=SA_RESTART|SA_SIGINFO


---------------  S Y S T E M  ---------------

OS:Bsduname:Darwin 16.6.0 Darwin Kernel Version 16.6.0: Fri Apr 14 16:21:16 PDT 2017; root:xnu-3789.60.24~6/RELEASE_X86_64 x86_64
rlimit: STACK 8192k, CORE 0k, NPROC 709, NOFILE 10240, AS infinity
load average:2.59 2.48 2.27

CPU:total 4 (initial active 4) (2 cores per cpu, 2 threads per core) family 6 model 78 stepping 3, cmov, cx8, fxsr, mmx, sse, sse2, sse3, ssse3, sse4.1, sse4.2, popcnt, avx, avx2, aes, clmul, erms, 3dnowpref, lzcnt, ht, tsc, tscinvbit, bmi1, bmi2, adx

Memory: 4k page, physical 8388608k(62548k free)

/proc/meminfo:


vm_info: Java HotSpot(TM) 64-Bit Server VM (25.131-b11) for bsd-amd64 JRE (1.8.0_131-b11), built on Mar 15 2017 01:32:22 by "java_re" with gcc 4.2.1 (Based on Apple Inc. build 5658) (LLVM build 2336.11.00)

time: Tue Jun  6 21:12:21 2017
elapsed time: 2654 seconds (0d 0h 44m 14s)

